<?xml version="1.0" encoding="UTF-8"?>
<!-- Generated by org.testng.reporters.JUnitXMLReporter -->
<testsuite ignored="0" hostname="DESKTOP-0KT2RFE" failures="1" tests="1" name="Brillius TestTest" time="0.079" errors="0" timestamp="03 Jan 2024 05:48:25 GMT">
  <testcase classname="Testcases.Brilliustest" name="LoginTest" time="0.0">
    <failure type="org.testng.TestNGException" message="
Method public static void Testcases.Brilliustest.LoginTest(java.lang.String,java.lang.String) throws java.lang.InterruptedException requires a @DataProvider named : Brilliusdata in class Utilities.ReadXLSdata">
      <![CDATA[org.testng.TestNGException: 
Method public static void Testcases.Brilliustest.LoginTest(java.lang.String,java.lang.String) throws java.lang.InterruptedException requires a @DataProvider named : Brilliusdata in class Utilities.ReadXLSdata
... Removed 22 stack frames]]>
    </failure>
  </testcase> <!-- LoginTest -->
</testsuite> <!-- Brillius TestTest -->
