<?xml version="1.0" encoding="UTF-8"?>
<!-- Generated by org.testng.reporters.JUnitXMLReporter -->
<testsuite ignored="0" hostname="DESKTOP-0KT2RFE" failures="0" tests="3" name="Default test" time="26.045" errors="0" timestamp="02 Jan 2024 11:16:17 GMT">
  <testcase classname="Testcases.Brilliustest" name="LoginTest" time="4.608"/>
  <testcase classname="Testcases.Brilliustest" name="LoginTest" time="4.417"/>
  <testcase classname="Testcases.Brilliustest" name="LoginTest" time="4.518"/>
</testsuite> <!-- Default test -->
