<?xml version="1.0" encoding="UTF-8"?>
<testng-results ignored="0" total="1" passed="1" failed="0" skipped="0">
  <reporter-output>
  </reporter-output>
  <suite started-at="2024-01-19T06:11:11Z" name="Default suite" finished-at="2024-01-19T06:11:30Z" duration-ms="19509">
    <groups>
    </groups>
    <test started-at="2024-01-19T06:11:11Z" name="Default test" finished-at="2024-01-19T06:11:30Z" duration-ms="19509">
      <class name="Testcases.Brilliustest">
        <test-method is-config="true" signature="setUp()[pri:0, instance:Testcases.Brilliustest@8576fa0]" started-at="2024-01-19T06:11:11Z" name="setUp" finished-at="2024-01-19T06:11:19Z" duration-ms="7958" status="PASS">
          <reporter-output>
          </reporter-output>
        </test-method> <!-- setUp -->
        <test-method signature="UserLoginTest()[pri:0, instance:Testcases.Brilliustest@8576fa0]" started-at="2024-01-19T06:11:19Z" name="UserLoginTest" finished-at="2024-01-19T06:11:30Z" duration-ms="10891" status="PASS">
          <reporter-output>
          </reporter-output>
        </test-method> <!-- UserLoginTest -->
        <test-method is-config="true" signature="tearDown()[pri:0, instance:Testcases.Brilliustest@8576fa0]" started-at="2024-01-19T06:11:30Z" name="tearDown" finished-at="2024-01-19T06:11:30Z" duration-ms="616" status="PASS">
          <reporter-output>
          </reporter-output>
        </test-method> <!-- tearDown -->
      </class> <!-- Testcases.Brilliustest -->
    </test> <!-- Default test -->
  </suite> <!-- Default suite -->
</testng-results>
